[GET] http://localhost:3000/ => [200] OK
[GET] http://localhost:3000/_next/static/css/app/layout.css?v=1771694771988 => [200] OK
[GET] http://localhost:3000/_next/static/chunks/webpack.js?v=1771694771988 => [200] OK
[GET] http://localhost:3000/_next/static/chunks/main-app.js?v=1771694771988 => [200] OK
[GET] http://localhost:3000/_next/static/chunks/app-pages-internals.js => [200] OK
[GET] http://localhost:3000/_next/static/chunks/app/layout.js => [200] OK
[GET] http://localhost:3000/_next/static/chunks/app/page.js => [200] OK
[GET] https://accounts.google.com/gsi/client => [200] 
[GET] http://localhost:3000/icon.svg?a8bb872233a155dd => [200] OK
[GET] https://mal-api.sarthakagrawal927.workers.dev/api/last-updated => [200] 
[GET] https://mal-api.sarthakagrawal927.workers.dev/api/fields => [200] 
[GET] https://mal-api.sarthakagrawal927.workers.dev/api/filters => [200] 
[POST] https://mal-api.sarthakagrawal927.workers.dev/api/search => [200] 
[GET] https://accounts.google.com/gsi/style => [200] 
[GET] https://accounts.google.com/gsi/button?theme=filled_black&size=medium&text=signin_with&shape=rectangular&is_fedcm_supported=true&client_id=207924374505-0mur9a99sal0ckob0vt38pcdj360ond5.apps.googleusercontent.com&iframe_id=gsi_772948_464991&cas=%2BF9T5GauKLIoPnTPlxXLep4ooBe2YqNtrDVwhBUWorc => [403] 
[GET] https://ssl.gstatic.com/_/gsi/_/ss/k=gsi.gsi.xOIP6pfqnfI.L.W.O/am=AAAICQJsEQAB/d=1/rs=AF0KOtUSkDnBY86EBONJoY9jnKEwzZqLWQ/m=credential_button_library => [200] 
[GET] https://ssl.gstatic.com/_/gsi/_/js/k=gsi.gsi.en_GB.7pXCafMPmX8.O/am=AAAACQJsEQAB/d=1/rs=AF0KOtX2I86OKHHQikw0M794lxrzEj0qsg/m=credential_button_library => [200] 
[GET] https://wsrv.nl/?url=https%3A%2F%2Fcdn.myanimelist.net%2Fimages%2Fanime%2F1015%2F138006.webp&w=384&q=60&output=webp => [FAILED] net::ERR_BLOCKED_BY_ORB
[GET] https://wsrv.nl/?url=https%3A%2F%2Fcdn.myanimelist.net%2Fimages%2Fanime%2F1921%2F154528.webp&w=384&q=60&output=webp => [FAILED] net::ERR_BLOCKED_BY_ORB
[GET] https://wsrv.nl/?url=https%3A%2F%2Fcdn.myanimelist.net%2Fimages%2Fanime%2F1763%2F150638.webp&w=384&q=60&output=webp => [FAILED] net::ERR_BLOCKED_BY_ORB
[GET] https://wsrv.nl/?url=https%3A%2F%2Fcdn.myanimelist.net%2Fimages%2Fanime%2F1208%2F94745.webp&w=384&q=60&output=webp => [FAILED] net::ERR_BLOCKED_BY_ORB
[GET] https://wsrv.nl/?url=https%3A%2F%2Fcdn.myanimelist.net%2Fimages%2Fanime%2F1935%2F127974.webp&w=384&q=60&output=webp => [FAILED] net::ERR_BLOCKED_BY_ORB
[GET] https://wsrv.nl/?url=https%3A%2F%2Fcdn.myanimelist.net%2Fimages%2Fanime%2F3%2F72078.webp&w=384&q=60&output=webp => [FAILED] net::ERR_BLOCKED_BY_ORB
[GET] https://wsrv.nl/?url=https%3A%2F%2Fcdn.myanimelist.net%2Fimages%2Fanime%2F1517%2F100633.webp&w=384&q=60&output=webp => [FAILED] net::ERR_BLOCKED_BY_ORB
[GET] https://wsrv.nl/?url=https%3A%2F%2Fcdn.myanimelist.net%2Fimages%2Fanime%2F1245%2F116760.webp&w=384&q=60&output=webp => [FAILED] net::ERR_BLOCKED_BY_ORB
[GET] https://wsrv.nl/?url=https%3A%2F%2Fcdn.myanimelist.net%2Fimages%2Fanime%2F1337%2F99013.webp&w=384&q=60&output=webp => [FAILED] net::ERR_BLOCKED_BY_ORB
[GET] https://wsrv.nl/?url=https%3A%2F%2Fcdn.myanimelist.net%2Fimages%2Fanime%2F1976%2F142016.webp&w=384&q=60&output=webp => [FAILED] net::ERR_BLOCKED_BY_ORB
[GET] https://wsrv.nl/?url=https%3A%2F%2Fcdn.myanimelist.net%2Fimages%2Fanime%2F4%2F50361.webp&w=384&q=60&output=webp => [FAILED] net::ERR_BLOCKED_BY_ORB
[GET] https://wsrv.nl/?url=https%3A%2F%2Fcdn.myanimelist.net%2Fimages%2Fanime%2F1452%2F123686.webp&w=384&q=60&output=webp => [FAILED] net::ERR_BLOCKED_BY_ORB
[GET] https://wsrv.nl/?url=https%3A%2F%2Fcdn.myanimelist.net%2Fimages%2Fanime%2F1455%2F146229.webp&w=384&q=60&output=webp => [FAILED] net::ERR_BLOCKED_BY_ORB
[GET] https://wsrv.nl/?url=https%3A%2F%2Fcdn.myanimelist.net%2Fimages%2Fanime%2F1908%2F135431.webp&w=384&q=60&output=webp => [FAILED] net::ERR_BLOCKED_BY_ORB
[GET] https://wsrv.nl/?url=https%3A%2F%2Fcdn.myanimelist.net%2Fimages%2Fanime%2F3%2F83528.webp&w=384&q=60&output=webp => [FAILED] net::ERR_BLOCKED_BY_ORB
[GET] https://wsrv.nl/?url=https%3A%2F%2Fcdn.myanimelist.net%2Fimages%2Fanime%2F1160%2F122627.webp&w=384&q=60&output=webp => [FAILED] net::ERR_BLOCKED_BY_ORB
[GET] https://wsrv.nl/?url=https%3A%2F%2Fcdn.myanimelist.net%2Fimages%2Fanime%2F1085%2F114792.webp&w=384&q=60&output=webp => [FAILED] net::ERR_BLOCKED_BY_ORB
[GET] https://wsrv.nl/?url=https%3A%2F%2Fcdn.myanimelist.net%2Fimages%2Fanime%2F10%2F73274.webp&w=384&q=60&output=webp => [FAILED] net::ERR_BLOCKED_BY_ORB
[GET] https://wsrv.nl/?url=https%3A%2F%2Fcdn.myanimelist.net%2Fimages%2Fanime%2F1299%2F110774.webp&w=384&q=60&output=webp => [FAILED] net::ERR_BLOCKED_BY_ORB
[GET] https://wsrv.nl/?url=https%3A%2F%2Fcdn.myanimelist.net%2Fimages%2Fanime%2F1122%2F96435.webp&w=384&q=60&output=webp => [FAILED] net::ERR_BLOCKED_BY_ORB
[GET] https://wsrv.nl/?url=https%3A%2F%2Fcdn.myanimelist.net%2Fimages%2Fanime%2F1208%2F94745.webp&w=384&q=60&output=webp => [FAILED] net::ERR_BLOCKED_BY_ORB
[GET] https://wsrv.nl/?url=https%3A%2F%2Fcdn.myanimelist.net%2Fimages%2Fanime%2F1763%2F150638.webp&w=384&q=60&output=webp => [FAILED] net::ERR_BLOCKED_BY_ORB
[GET] https://wsrv.nl/?url=https%3A%2F%2Fcdn.myanimelist.net%2Fimages%2Fanime%2F1921%2F154528.webp&w=384&q=60&output=webp => [FAILED] net::ERR_BLOCKED_BY_ORB
[GET] https://wsrv.nl/?url=https%3A%2F%2Fcdn.myanimelist.net%2Fimages%2Fanime%2F1935%2F127974.webp&w=384&q=60&output=webp => [FAILED] net::ERR_BLOCKED_BY_ORB
[GET] https://wsrv.nl/?url=https%3A%2F%2Fcdn.myanimelist.net%2Fimages%2Fanime%2F1517%2F100633.webp&w=384&q=60&output=webp => [FAILED] net::ERR_BLOCKED_BY_ORB
[GET] https://wsrv.nl/?url=https%3A%2F%2Fcdn.myanimelist.net%2Fimages%2Fanime%2F1245%2F116760.webp&w=384&q=60&output=webp => [FAILED] net::ERR_BLOCKED_BY_ORB
[GET] https://wsrv.nl/?url=https%3A%2F%2Fcdn.myanimelist.net%2Fimages%2Fanime%2F1976%2F142016.webp&w=384&q=60&output=webp => [FAILED] net::ERR_BLOCKED_BY_ORB
[GET] https://wsrv.nl/?url=https%3A%2F%2Fcdn.myanimelist.net%2Fimages%2Fanime%2F1337%2F99013.webp&w=384&q=60&output=webp => [FAILED] net::ERR_BLOCKED_BY_ORB
[GET] https://wsrv.nl/?url=https%3A%2F%2Fcdn.myanimelist.net%2Fimages%2Fanime%2F1299%2F110774.webp&w=384&q=60&output=webp => [FAILED] net::ERR_BLOCKED_BY_ORB
[GET] https://wsrv.nl/?url=https%3A%2F%2Fcdn.myanimelist.net%2Fimages%2Fanime%2F1452%2F123686.webp&w=384&q=60&output=webp => [FAILED] net::ERR_BLOCKED_BY_ORB
[GET] https://wsrv.nl/?url=https%3A%2F%2Fcdn.myanimelist.net%2Fimages%2Fanime%2F1122%2F96435.webp&w=384&q=60&output=webp => [FAILED] net::ERR_BLOCKED_BY_ORB
[GET] https://wsrv.nl/?url=https%3A%2F%2Fcdn.myanimelist.net%2Fimages%2Fanime%2F3%2F83528.webp&w=384&q=60&output=webp => [FAILED] net::ERR_BLOCKED_BY_ORB
[GET] https://wsrv.nl/?url=https%3A%2F%2Fcdn.myanimelist.net%2Fimages%2Fanime%2F4%2F50361.webp&w=384&q=60&output=webp => [FAILED] net::ERR_BLOCKED_BY_ORB
[GET] https://wsrv.nl/?url=https%3A%2F%2Fcdn.myanimelist.net%2Fimages%2Fanime%2F1455%2F146229.webp&w=384&q=60&output=webp => [FAILED] net::ERR_BLOCKED_BY_ORB
[GET] https://wsrv.nl/?url=https%3A%2F%2Fcdn.myanimelist.net%2Fimages%2Fanime%2F1160%2F122627.webp&w=384&q=60&output=webp => [FAILED] net::ERR_BLOCKED_BY_ORB
[GET] https://wsrv.nl/?url=https%3A%2F%2Fcdn.myanimelist.net%2Fimages%2Fanime%2F1908%2F135431.webp&w=384&q=60&output=webp => [FAILED] net::ERR_BLOCKED_BY_ORB
[GET] https://wsrv.nl/?url=https%3A%2F%2Fcdn.myanimelist.net%2Fimages%2Fanime%2F1085%2F114792.webp&w=384&q=60&output=webp => [FAILED] net::ERR_BLOCKED_BY_ORB
[GET] https://wsrv.nl/?url=https%3A%2F%2Fcdn.myanimelist.net%2Fimages%2Fanime%2F3%2F72078.webp&w=384&q=60&output=webp => [FAILED] net::ERR_BLOCKED_BY_ORB
[GET] https://wsrv.nl/?url=https%3A%2F%2Fcdn.myanimelist.net%2Fimages%2Fanime%2F1015%2F138006.webp&w=384&q=60&output=webp => [FAILED] net::ERR_BLOCKED_BY_ORB
[GET] https://wsrv.nl/?url=https%3A%2F%2Fcdn.myanimelist.net%2Fimages%2Fanime%2F10%2F73274.webp&w=384&q=60&output=webp => [FAILED] net::ERR_BLOCKED_BY_ORB
[GET] http://localhost:3000/?_rsc=fsnpp => [200] OK
[GET] http://localhost:3000/_next/static/webpack/23ff497694128dea.webpack.hot-update.json => [200] OK
[GET] http://localhost:3000/_next/static/webpack/app/layout.23ff497694128dea.hot-update.js => [200] OK
[GET] http://localhost:3000/_next/static/webpack/webpack.23ff497694128dea.hot-update.js => [200] OK
[GET] http://localhost:3000/_next/static/css/app/layout.css?v=1771694806580 => [200] OK
[GET] http://localhost:3000/ => [200] OK
[GET] http://localhost:3000/_next/static/css/app/layout.css?v=1771694838106 => [200] OK
[GET] http://localhost:3000/_next/static/chunks/webpack.js?v=1771694838106 => [200] OK
[GET] http://localhost:3000/_next/static/chunks/main-app.js?v=1771694838106 => [200] OK
[GET] http://localhost:3000/_next/static/chunks/app-pages-internals.js => [200] OK
[GET] http://localhost:3000/_next/static/chunks/app/layout.js => [200] OK
[GET] http://localhost:3000/_next/static/chunks/app/page.js => [200] OK
[GET] https://accounts.google.com/gsi/client => [200] 
[GET] http://localhost:3000/icon.svg?a8bb872233a155dd => [200] OK
[GET] https://mal-api.sarthakagrawal927.workers.dev/api/last-updated => [200] 
[GET] https://mal-api.sarthakagrawal927.workers.dev/api/fields => [200] 
[GET] https://mal-api.sarthakagrawal927.workers.dev/api/filters => [200] 
[POST] https://mal-api.sarthakagrawal927.workers.dev/api/search => [200] 
[GET] https://accounts.google.com/gsi/style => [200] 
[GET] https://accounts.google.com/gsi/button?theme=filled_black&size=medium&text=signin_with&shape=rectangular&is_fedcm_supported=true&client_id=207924374505-0mur9a99sal0ckob0vt38pcdj360ond5.apps.googleusercontent.com&iframe_id=gsi_838722_402306&cas=FKVyCZrGo5hKZMNzuLdn8Srjqf38276aVSoK32pb44g => [403] 
[GET] https://ssl.gstatic.com/_/gsi/_/ss/k=gsi.gsi.xOIP6pfqnfI.L.W.O/am=AAAICQJMEQ/d=1/rs=AF0KOtUXcnyZhHxn9oVAu-4dzQ9KH0Ji1g/m=credential_button_library => [200] 
[GET] https://ssl.gstatic.com/_/gsi/_/js/k=gsi.gsi.en_GB.7pXCafMPmX8.O/am=AAAACQJMEQ/d=1/rs=AF0KOtUlvsx7YdpL0QM9_MBm4ElgBIotKg/m=credential_button_library => [200] 
[GET] https://wsrv.nl/?url=https%3A%2F%2Fcdn.myanimelist.net%2Fimages%2Fanime%2F1015%2F138006.webp&w=384&q=60&output=webp => [FAILED] net::ERR_BLOCKED_BY_ORB
[GET] https://wsrv.nl/?url=https%3A%2F%2Fcdn.myanimelist.net%2Fimages%2Fanime%2F1921%2F154528.webp&w=384&q=60&output=webp => [FAILED] net::ERR_BLOCKED_BY_ORB
[GET] https://wsrv.nl/?url=https%3A%2F%2Fcdn.myanimelist.net%2Fimages%2Fanime%2F1763%2F150638.webp&w=384&q=60&output=webp => [FAILED] net::ERR_BLOCKED_BY_ORB
[GET] https://wsrv.nl/?url=https%3A%2F%2Fcdn.myanimelist.net%2Fimages%2Fanime%2F1208%2F94745.webp&w=384&q=60&output=webp => [FAILED] net::ERR_BLOCKED_BY_ORB
[GET] https://wsrv.nl/?url=https%3A%2F%2Fcdn.myanimelist.net%2Fimages%2Fanime%2F1935%2F127974.webp&w=384&q=60&output=webp => [FAILED] net::ERR_BLOCKED_BY_ORB
[GET] https://wsrv.nl/?url=https%3A%2F%2Fcdn.myanimelist.net%2Fimages%2Fanime%2F3%2F72078.webp&w=384&q=60&output=webp => [FAILED] net::ERR_BLOCKED_BY_ORB
[GET] https://wsrv.nl/?url=https%3A%2F%2Fcdn.myanimelist.net%2Fimages%2Fanime%2F1517%2F100633.webp&w=384&q=60&output=webp => [FAILED] net::ERR_BLOCKED_BY_ORB
[GET] https://wsrv.nl/?url=https%3A%2F%2Fcdn.myanimelist.net%2Fimages%2Fanime%2F1245%2F116760.webp&w=384&q=60&output=webp => [FAILED] net::ERR_BLOCKED_BY_ORB
[GET] https://wsrv.nl/?url=https%3A%2F%2Fcdn.myanimelist.net%2Fimages%2Fanime%2F1337%2F99013.webp&w=384&q=60&output=webp => [FAILED] net::ERR_BLOCKED_BY_ORB
[GET] https://wsrv.nl/?url=https%3A%2F%2Fcdn.myanimelist.net%2Fimages%2Fanime%2F1976%2F142016.webp&w=384&q=60&output=webp => [FAILED] net::ERR_BLOCKED_BY_ORB
[GET] https://wsrv.nl/?url=https%3A%2F%2Fcdn.myanimelist.net%2Fimages%2Fanime%2F4%2F50361.webp&w=384&q=60&output=webp => [FAILED] net::ERR_BLOCKED_BY_ORB
[GET] https://wsrv.nl/?url=https%3A%2F%2Fcdn.myanimelist.net%2Fimages%2Fanime%2F1452%2F123686.webp&w=384&q=60&output=webp => [FAILED] net::ERR_BLOCKED_BY_ORB
[GET] https://wsrv.nl/?url=https%3A%2F%2Fcdn.myanimelist.net%2Fimages%2Fanime%2F1455%2F146229.webp&w=384&q=60&output=webp => [FAILED] net::ERR_BLOCKED_BY_ORB
[GET] https://wsrv.nl/?url=https%3A%2F%2Fcdn.myanimelist.net%2Fimages%2Fanime%2F1908%2F135431.webp&w=384&q=60&output=webp => [FAILED] net::ERR_BLOCKED_BY_ORB
[GET] https://wsrv.nl/?url=https%3A%2F%2Fcdn.myanimelist.net%2Fimages%2Fanime%2F3%2F83528.webp&w=384&q=60&output=webp => [FAILED] net::ERR_BLOCKED_BY_ORB
[GET] https://wsrv.nl/?url=https%3A%2F%2Fcdn.myanimelist.net%2Fimages%2Fanime%2F1160%2F122627.webp&w=384&q=60&output=webp => [FAILED] net::ERR_BLOCKED_BY_ORB
[GET] https://wsrv.nl/?url=https%3A%2F%2Fcdn.myanimelist.net%2Fimages%2Fanime%2F1085%2F114792.webp&w=384&q=60&output=webp => [FAILED] net::ERR_BLOCKED_BY_ORB
[GET] https://wsrv.nl/?url=https%3A%2F%2Fcdn.myanimelist.net%2Fimages%2Fanime%2F10%2F73274.webp&w=384&q=60&output=webp => [FAILED] net::ERR_BLOCKED_BY_ORB
[GET] https://wsrv.nl/?url=https%3A%2F%2Fcdn.myanimelist.net%2Fimages%2Fanime%2F1299%2F110774.webp&w=384&q=60&output=webp => [FAILED] net::ERR_BLOCKED_BY_ORB
[GET] https://wsrv.nl/?url=https%3A%2F%2Fcdn.myanimelist.net%2Fimages%2Fanime%2F1122%2F96435.webp&w=384&q=60&output=webp => [FAILED] net::ERR_BLOCKED_BY_ORB
[GET] https://wsrv.nl/?url=https%3A%2F%2Fcdn.myanimelist.net%2Fimages%2Fanime%2F1208%2F94745.webp&w=384&q=60&output=webp => [FAILED] net::ERR_BLOCKED_BY_ORB
[GET] https://wsrv.nl/?url=https%3A%2F%2Fcdn.myanimelist.net%2Fimages%2Fanime%2F10%2F73274.webp&w=384&q=60&output=webp => [FAILED] net::ERR_BLOCKED_BY_ORB
[GET] https://wsrv.nl/?url=https%3A%2F%2Fcdn.myanimelist.net%2Fimages%2Fanime%2F1908%2F135431.webp&w=384&q=60&output=webp => [FAILED] net::ERR_BLOCKED_BY_ORB
[GET] https://wsrv.nl/?url=https%3A%2F%2Fcdn.myanimelist.net%2Fimages%2Fanime%2F3%2F72078.webp&w=384&q=60&output=webp => [FAILED] net::ERR_BLOCKED_BY_ORB
[GET] https://wsrv.nl/?url=https%3A%2F%2Fcdn.myanimelist.net%2Fimages%2Fanime%2F1085%2F114792.webp&w=384&q=60&output=webp => [FAILED] net::ERR_BLOCKED_BY_ORB
[GET] https://wsrv.nl/?url=https%3A%2F%2Fcdn.myanimelist.net%2Fimages%2Fanime%2F1337%2F99013.webp&w=384&q=60&output=webp => [FAILED] net::ERR_BLOCKED_BY_ORB
[GET] https://wsrv.nl/?url=https%3A%2F%2Fcdn.myanimelist.net%2Fimages%2Fanime%2F1245%2F116760.webp&w=384&q=60&output=webp => [FAILED] net::ERR_BLOCKED_BY_ORB
[GET] https://wsrv.nl/?url=https%3A%2F%2Fcdn.myanimelist.net%2Fimages%2Fanime%2F1517%2F100633.webp&w=384&q=60&output=webp => [FAILED] net::ERR_BLOCKED_BY_ORB
[GET] https://wsrv.nl/?url=https%3A%2F%2Fcdn.myanimelist.net%2Fimages%2Fanime%2F1122%2F96435.webp&w=384&q=60&output=webp => [FAILED] net::ERR_BLOCKED_BY_ORB
[GET] https://wsrv.nl/?url=https%3A%2F%2Fcdn.myanimelist.net%2Fimages%2Fanime%2F1921%2F154528.webp&w=384&q=60&output=webp => [FAILED] net::ERR_BLOCKED_BY_ORB
[GET] https://wsrv.nl/?url=https%3A%2F%2Fcdn.myanimelist.net%2Fimages%2Fanime%2F1299%2F110774.webp&w=384&q=60&output=webp => [FAILED] net::ERR_BLOCKED_BY_ORB
[GET] https://wsrv.nl/?url=https%3A%2F%2Fcdn.myanimelist.net%2Fimages%2Fanime%2F1763%2F150638.webp&w=384&q=60&output=webp => [FAILED] net::ERR_BLOCKED_BY_ORB
[GET] https://wsrv.nl/?url=https%3A%2F%2Fcdn.myanimelist.net%2Fimages%2Fanime%2F4%2F50361.webp&w=384&q=60&output=webp => [FAILED] net::ERR_BLOCKED_BY_ORB
[GET] https://wsrv.nl/?url=https%3A%2F%2Fcdn.myanimelist.net%2Fimages%2Fanime%2F3%2F83528.webp&w=384&q=60&output=webp => [FAILED] net::ERR_BLOCKED_BY_ORB
[GET] https://wsrv.nl/?url=https%3A%2F%2Fcdn.myanimelist.net%2Fimages%2Fanime%2F1976%2F142016.webp&w=384&q=60&output=webp => [FAILED] net::ERR_BLOCKED_BY_ORB
[GET] https://wsrv.nl/?url=https%3A%2F%2Fcdn.myanimelist.net%2Fimages%2Fanime%2F1452%2F123686.webp&w=384&q=60&output=webp => [FAILED] net::ERR_BLOCKED_BY_ORB
[GET] https://wsrv.nl/?url=https%3A%2F%2Fcdn.myanimelist.net%2Fimages%2Fanime%2F1455%2F146229.webp&w=384&q=60&output=webp => [FAILED] net::ERR_BLOCKED_BY_ORB
[GET] https://wsrv.nl/?url=https%3A%2F%2Fcdn.myanimelist.net%2Fimages%2Fanime%2F1935%2F127974.webp&w=384&q=60&output=webp => [FAILED] net::ERR_BLOCKED_BY_ORB
[GET] https://wsrv.nl/?url=https%3A%2F%2Fcdn.myanimelist.net%2Fimages%2Fanime%2F1160%2F122627.webp&w=384&q=60&output=webp => [FAILED] net::ERR_BLOCKED_BY_ORB
[GET] https://wsrv.nl/?url=https%3A%2F%2Fcdn.myanimelist.net%2Fimages%2Fanime%2F1015%2F138006.webp&w=384&q=60&output=webp => [FAILED] net::ERR_BLOCKED_BY_ORB
[GET] http://localhost:3000/?_rsc=fsnpp => [200] OK
[GET] http://localhost:3000/_next/static/webpack/a0facdce4d1633cc.webpack.hot-update.json => [200] OK
[GET] http://localhost:3000/_next/static/webpack/app/layout.a0facdce4d1633cc.hot-update.js => [200] OK
[GET] http://localhost:3000/_next/static/webpack/webpack.a0facdce4d1633cc.hot-update.js => [200] OK
[GET] http://localhost:3000/_next/static/css/app/layout.css?v=1771694845353 => [200] OK
[GET] http://localhost:3000/?_rsc=fsnpp => [200] OK
[GET] http://localhost:3000/_next/static/webpack/2f9148098a66e312.webpack.hot-update.json => [200] OK
[GET] http://localhost:3000/_next/static/webpack/app/layout.2f9148098a66e312.hot-update.js => [200] OK
[GET] http://localhost:3000/_next/static/webpack/webpack.2f9148098a66e312.hot-update.js => [200] OK
[GET] http://localhost:3000/_next/static/css/app/layout.css?v=1771694858634 => [200] OK
[GET] http://localhost:3000/stats?_rsc=vusbg => [200] OK
[GET] http://localhost:3000/_next/static/webpack/b56ef6ad983d3b40.webpack.hot-update.json => [200] OK
[GET] http://localhost:3000/_next/static/webpack/webpack.b56ef6ad983d3b40.hot-update.js => [200] OK
[GET] http://localhost:3000/_next/static/chunks/app/stats/page.js => [200] OK
[GET] https://mal-api.sarthakagrawal927.workers.dev/api/stats => [200] 
[GET] http://localhost:3000/?_rsc=jeeax => [200] OK
[GET] http://localhost:3000/?_rsc=jeeax => [200] OK
[GET] https://wsrv.nl/?url=https%3A%2F%2Fcdn.myanimelist.net%2Fimages%2Fanime%2F1015%2F138006.webp&w=384&q=60&output=webp => [FAILED] net::ERR_BLOCKED_BY_ORB
[GET] https://wsrv.nl/?url=https%3A%2F%2Fcdn.myanimelist.net%2Fimages%2Fanime%2F1921%2F154528.webp&w=384&q=60&output=webp => [FAILED] net::ERR_BLOCKED_BY_ORB
[GET] https://wsrv.nl/?url=https%3A%2F%2Fcdn.myanimelist.net%2Fimages%2Fanime%2F1763%2F150638.webp&w=384&q=60&output=webp => [FAILED] net::ERR_BLOCKED_BY_ORB
[GET] https://wsrv.nl/?url=https%3A%2F%2Fcdn.myanimelist.net%2Fimages%2Fanime%2F1208%2F94745.webp&w=384&q=60&output=webp => [FAILED] net::ERR_BLOCKED_BY_ORB
[GET] https://wsrv.nl/?url=https%3A%2F%2Fcdn.myanimelist.net%2Fimages%2Fanime%2F1935%2F127974.webp&w=384&q=60&output=webp => [FAILED] net::ERR_BLOCKED_BY_ORB
[GET] https://wsrv.nl/?url=https%3A%2F%2Fcdn.myanimelist.net%2Fimages%2Fanime%2F3%2F72078.webp&w=384&q=60&output=webp => [FAILED] net::ERR_BLOCKED_BY_ORB
[GET] https://wsrv.nl/?url=https%3A%2F%2Fcdn.myanimelist.net%2Fimages%2Fanime%2F1517%2F100633.webp&w=384&q=60&output=webp => [FAILED] net::ERR_BLOCKED_BY_ORB
[GET] https://wsrv.nl/?url=https%3A%2F%2Fcdn.myanimelist.net%2Fimages%2Fanime%2F1245%2F116760.webp&w=384&q=60&output=webp => [FAILED] net::ERR_BLOCKED_BY_ORB
[GET] https://wsrv.nl/?url=https%3A%2F%2Fcdn.myanimelist.net%2Fimages%2Fanime%2F1337%2F99013.webp&w=384&q=60&output=webp => [FAILED] net::ERR_BLOCKED_BY_ORB
[GET] https://wsrv.nl/?url=https%3A%2F%2Fcdn.myanimelist.net%2Fimages%2Fanime%2F1976%2F142016.webp&w=384&q=60&output=webp => [FAILED] net::ERR_BLOCKED_BY_ORB
[GET] https://wsrv.nl/?url=https%3A%2F%2Fcdn.myanimelist.net%2Fimages%2Fanime%2F4%2F50361.webp&w=384&q=60&output=webp => [FAILED] net::ERR_BLOCKED_BY_ORB
[GET] https://wsrv.nl/?url=https%3A%2F%2Fcdn.myanimelist.net%2Fimages%2Fanime%2F1452%2F123686.webp&w=384&q=60&output=webp => [FAILED] net::ERR_BLOCKED_BY_ORB
[GET] https://wsrv.nl/?url=https%3A%2F%2Fcdn.myanimelist.net%2Fimages%2Fanime%2F1455%2F146229.webp&w=384&q=60&output=webp => [FAILED] net::ERR_BLOCKED_BY_ORB
[GET] https://wsrv.nl/?url=https%3A%2F%2Fcdn.myanimelist.net%2Fimages%2Fanime%2F1908%2F135431.webp&w=384&q=60&output=webp => [FAILED] net::ERR_BLOCKED_BY_ORB
[GET] https://wsrv.nl/?url=https%3A%2F%2Fcdn.myanimelist.net%2Fimages%2Fanime%2F3%2F83528.webp&w=384&q=60&output=webp => [FAILED] net::ERR_BLOCKED_BY_ORB
[GET] https://wsrv.nl/?url=https%3A%2F%2Fcdn.myanimelist.net%2Fimages%2Fanime%2F1160%2F122627.webp&w=384&q=60&output=webp => [FAILED] net::ERR_BLOCKED_BY_ORB
[GET] https://wsrv.nl/?url=https%3A%2F%2Fcdn.myanimelist.net%2Fimages%2Fanime%2F1085%2F114792.webp&w=384&q=60&output=webp => [FAILED] net::ERR_BLOCKED_BY_ORB
[GET] https://wsrv.nl/?url=https%3A%2F%2Fcdn.myanimelist.net%2Fimages%2Fanime%2F10%2F73274.webp&w=384&q=60&output=webp => [FAILED] net::ERR_BLOCKED_BY_ORB
[GET] https://wsrv.nl/?url=https%3A%2F%2Fcdn.myanimelist.net%2Fimages%2Fanime%2F1299%2F110774.webp&w=384&q=60&output=webp => [FAILED] net::ERR_BLOCKED_BY_ORB
[GET] https://wsrv.nl/?url=https%3A%2F%2Fcdn.myanimelist.net%2Fimages%2Fanime%2F1122%2F96435.webp&w=384&q=60&output=webp => [FAILED] net::ERR_BLOCKED_BY_ORB
[GET] https://wsrv.nl/?url=https%3A%2F%2Fcdn.myanimelist.net%2Fimages%2Fanime%2F1245%2F116760.webp&w=384&q=60&output=webp => [FAILED] net::ERR_BLOCKED_BY_ORB
[GET] https://wsrv.nl/?url=https%3A%2F%2Fcdn.myanimelist.net%2Fimages%2Fanime%2F1085%2F114792.webp&w=384&q=60&output=webp => [FAILED] net::ERR_BLOCKED_BY_ORB
[GET] https://wsrv.nl/?url=https%3A%2F%2Fcdn.myanimelist.net%2Fimages%2Fanime%2F1208%2F94745.webp&w=384&q=60&output=webp => [FAILED] net::ERR_BLOCKED_BY_ORB
[GET] https://wsrv.nl/?url=https%3A%2F%2Fcdn.myanimelist.net%2Fimages%2Fanime%2F3%2F72078.webp&w=384&q=60&output=webp => [FAILED] net::ERR_BLOCKED_BY_ORB
[GET] https://wsrv.nl/?url=https%3A%2F%2Fcdn.myanimelist.net%2Fimages%2Fanime%2F1337%2F99013.webp&w=384&q=60&output=webp => [FAILED] net::ERR_BLOCKED_BY_ORB
[GET] https://wsrv.nl/?url=https%3A%2F%2Fcdn.myanimelist.net%2Fimages%2Fanime%2F1455%2F146229.webp&w=384&q=60&output=webp => [FAILED] net::ERR_BLOCKED_BY_ORB
[GET] https://wsrv.nl/?url=https%3A%2F%2Fcdn.myanimelist.net%2Fimages%2Fanime%2F1160%2F122627.webp&w=384&q=60&output=webp => [FAILED] net::ERR_BLOCKED_BY_ORB
[GET] https://wsrv.nl/?url=https%3A%2F%2Fcdn.myanimelist.net%2Fimages%2Fanime%2F1015%2F138006.webp&w=384&q=60&output=webp => [FAILED] net::ERR_BLOCKED_BY_ORB
[GET] https://wsrv.nl/?url=https%3A%2F%2Fcdn.myanimelist.net%2Fimages%2Fanime%2F1517%2F100633.webp&w=384&q=60&output=webp => [FAILED] net::ERR_BLOCKED_BY_ORB
[GET] https://wsrv.nl/?url=https%3A%2F%2Fcdn.myanimelist.net%2Fimages%2Fanime%2F10%2F73274.webp&w=384&q=60&output=webp => [FAILED] net::ERR_BLOCKED_BY_ORB
[GET] https://wsrv.nl/?url=https%3A%2F%2Fcdn.myanimelist.net%2Fimages%2Fanime%2F1299%2F110774.webp&w=384&q=60&output=webp => [FAILED] net::ERR_BLOCKED_BY_ORB
[GET] https://wsrv.nl/?url=https%3A%2F%2Fcdn.myanimelist.net%2Fimages%2Fanime%2F1763%2F150638.webp&w=384&q=60&output=webp => [FAILED] net::ERR_BLOCKED_BY_ORB
[GET] https://wsrv.nl/?url=https%3A%2F%2Fcdn.myanimelist.net%2Fimages%2Fanime%2F3%2F83528.webp&w=384&q=60&output=webp => [FAILED] net::ERR_BLOCKED_BY_ORB
[GET] https://wsrv.nl/?url=https%3A%2F%2Fcdn.myanimelist.net%2Fimages%2Fanime%2F1452%2F123686.webp&w=384&q=60&output=webp => [FAILED] net::ERR_BLOCKED_BY_ORB
[GET] https://wsrv.nl/?url=https%3A%2F%2Fcdn.myanimelist.net%2Fimages%2Fanime%2F1976%2F142016.webp&w=384&q=60&output=webp => [FAILED] net::ERR_BLOCKED_BY_ORB
[GET] https://wsrv.nl/?url=https%3A%2F%2Fcdn.myanimelist.net%2Fimages%2Fanime%2F1935%2F127974.webp&w=384&q=60&output=webp => [FAILED] net::ERR_BLOCKED_BY_ORB
[GET] https://wsrv.nl/?url=https%3A%2F%2Fcdn.myanimelist.net%2Fimages%2Fanime%2F4%2F50361.webp&w=384&q=60&output=webp => [FAILED] net::ERR_BLOCKED_BY_ORB
[GET] https://wsrv.nl/?url=https%3A%2F%2Fcdn.myanimelist.net%2Fimages%2Fanime%2F1122%2F96435.webp&w=384&q=60&output=webp => [FAILED] net::ERR_BLOCKED_BY_ORB
[GET] https://wsrv.nl/?url=https%3A%2F%2Fcdn.myanimelist.net%2Fimages%2Fanime%2F1908%2F135431.webp&w=384&q=60&output=webp => [FAILED] net::ERR_BLOCKED_BY_ORB
[GET] https://wsrv.nl/?url=https%3A%2F%2Fcdn.myanimelist.net%2Fimages%2Fanime%2F1921%2F154528.webp&w=384&q=60&output=webp => [FAILED] net::ERR_BLOCKED_BY_ORB